# JRE version: OpenJDK Runtime Environment Temurin-17.0.12+7 (17.0.12+7) (build 17.0.12+7)
# Java VM: OpenJDK 64-Bit Server VM Temurin-17.0.12+7 (17.0.12+7, mixed mode, emulated-client, tiered, compressed oops, compressed class ptrs, g1 gc, windows-amd64)
GC Precious Log:
 CPUs: 8 total, 8 available
 Memory: 6808M
 Large Page Support: Disabled
 NUMA Support: Disabled
 Compressed Oops: Enabled (32-bit)
 Heap Region Size: 1M
 Heap Min Capacity: 8M
 Heap Initial Capacity: 108M
 Heap Max Capacity: 1G
 Pre-touch: Disabled
 Parallel Workers: 8
 Concurrent Workers: 2
 Concurrent Refinement Workers: 8
 Periodic GC: Disabled
Heap:
 garbage-first heap   total 86016K, used 24912K [0x00000000c0000000, 0x0000000100000000)
  region size 1024K, 1 young (1024K), 0 survivors (0K)
 Metaspace       used 39916K, committed 40512K, reserved 1114112K
  class space    used 5025K, committed 5248K, reserved 1048576K
GC Heap History (20 events):
Event: 8986.358 GC heap after
{Heap after GC invocations=875 (full 867):
 garbage-first heap   total 86016K, used 24912K [0x00000000c0000000, 0x0000000100000000)
  region size 1024K, 0 young (0K), 0 survivors (0K)
 Metaspace       used 39916K, committed 40512K, reserved 1114112K
  class space    used 5025K, committed 5248K, reserved 1048576K
}
Event: 8996.700 GC heap before
{Heap before GC invocations=875 (full 867):
 garbage-first heap   total 86016K, used 24912K [0x00000000c0000000, 0x0000000100000000)
  region size 1024K, 1 young (1024K), 0 survivors (0K)
 Metaspace       used 39916K, committed 40512K, reserved 1114112K
  class space    used 5025K, committed 5248K, reserved 1048576K
}
Event: 8996.728 GC heap after
{Heap after GC invocations=876 (full 868):
 garbage-first heap   total 86016K, used 24912K [0x00000000c0000000, 0x0000000100000000)
  region size 1024K, 0 young (0K), 0 survivors (0K)
 Metaspace       used 39916K, committed 40512K, reserved 1114112K
  class space    used 5025K, committed 5248K, reserved 1048576K
}
Event: 9007.001 GC heap before
{Heap before GC invocations=876 (full 868):
 garbage-first heap   total 86016K, used 24912K [0x00000000c0000000, 0x0000000100000000)
  region size 1024K, 1 young (1024K), 0 survivors (0K)
 Metaspace       used 39916K, committed 40512K, reserved 1114112K
  class space    used 5025K, committed 5248K, reserved 1048576K
}
Event: 9007.026 GC heap after
{Heap after GC invocations=877 (full 869):
 garbage-first heap   total 86016K, used 24912K [0x00000000c0000000, 0x0000000100000000)
  region size 1024K, 0 young (0K), 0 survivors (0K)
 Metaspace       used 39916K, committed 40512K, reserved 1114112K
  class space    used 5025K, committed 5248K, reserved 1048576K
}
Event: 9017.427 GC heap before
{Heap before GC invocations=877 (full 869):
 garbage-first heap   total 86016K, used 24912K [0x00000000c0000000, 0x0000000100000000)
  region size 1024K, 1 young (1024K), 0 survivors (0K)
 Metaspace       used 39916K, committed 40512K, reserved 1114112K
  class space    used 5025K, committed 5248K, reserved 1048576K
}
Event: 9017.457 GC heap after
{Heap after GC invocations=878 (full 870):
 garbage-first heap   total 86016K, used 24912K [0x00000000c0000000, 0x0000000100000000)
  region size 1024K, 0 young (0K), 0 survivors (0K)
 Metaspace       used 39916K, committed 40512K, reserved 1114112K
  class space    used 5025K, committed 5248K, reserved 1048576K
}
Event: 9027.838 GC heap before
{Heap before GC invocations=878 (full 870):
 garbage-first heap   total 86016K, used 24912K [0x00000000c0000000, 0x0000000100000000)
  region size 1024K, 1 young (1024K), 0 survivors (0K)
 Metaspace       used 39916K, committed 40512K, reserved 1114112K
  class space    used 5025K, committed 5248K, reserved 1048576K
}
Event: 9027.874 GC heap after
{Heap after GC invocations=879 (full 871):
 garbage-first heap   total 86016K, used 24912K [0x00000000c0000000, 0x0000000100000000)
  region size 1024K, 0 young (0K), 0 survivors (0K)
 Metaspace       used 39916K, committed 40512K, reserved 1114112K
  class space    used 5025K, committed 5248K, reserved 1048576K
}
Event: 9038.317 GC heap before
{Heap before GC invocations=879 (full 871):
 garbage-first heap   total 86016K, used 24912K [0x00000000c0000000, 0x0000000100000000)
  region size 1024K, 1 young (1024K), 0 survivors (0K)
 Metaspace       used 39916K, committed 40512K, reserved 1114112K
  class space    used 5025K, committed 5248K, reserved 1048576K
}
Event: 9038.353 GC heap after
{Heap after GC invocations=880 (full 872):
 garbage-first heap   total 86016K, used 24912K [0x00000000c0000000, 0x0000000100000000)
  region size 1024K, 0 young (0K), 0 survivors (0K)
 Metaspace       used 39916K, committed 40512K, reserved 1114112K
  class space    used 5025K, committed 5248K, reserved 1048576K
}
Event: 9048.519 GC heap before
{Heap before GC invocations=880 (full 872):
 garbage-first heap   total 86016K, used 24912K [0x00000000c0000000, 0x0000000100000000)
  region size 1024K, 1 young (1024K), 0 survivors (0K)
 Metaspace       used 39916K, committed 40512K, reserved 1114112K
  class space    used 5025K, committed 5248K, reserved 1048576K
}
Event: 9048.546 GC heap after
{Heap after GC invocations=881 (full 873):
 garbage-first heap   total 86016K, used 24912K [0x00000000c0000000, 0x0000000100000000)
  region size 1024K, 0 young (0K), 0 survivors (0K)
 Metaspace       used 39916K, committed 40512K, reserved 1114112K
  class space    used 5025K, committed 5248K, reserved 1048576K
}
Event: 9058.913 GC heap before
{Heap before GC invocations=881 (full 873):
 garbage-first heap   total 86016K, used 24912K [0x00000000c0000000, 0x0000000100000000)
  region size 1024K, 1 young (1024K), 0 survivors (0K)
 Metaspace       used 39916K, committed 40512K, reserved 1114112K
  class space    used 5025K, committed 5248K, reserved 1048576K
}
Event: 9058.942 GC heap after
{Heap after GC invocations=882 (full 874):
 garbage-first heap   total 86016K, used 24912K [0x00000000c0000000, 0x0000000100000000)
  region size 1024K, 0 young (0K), 0 survivors (0K)
 Metaspace       used 39916K, committed 40512K, reserved 1114112K
  class space    used 5025K, committed 5248K, reserved 1048576K
}
Event: 9069.307 GC heap before
{Heap before GC invocations=882 (full 874):
 garbage-first heap   total 86016K, used 24912K [0x00000000c0000000, 0x0000000100000000)
  region size 1024K, 1 young (1024K), 0 survivors (0K)
 Metaspace       used 39916K, committed 40512K, reserved 1114112K
  class space    used 5025K, committed 5248K, reserved 1048576K
}
Event: 9069.331 GC heap after
{Heap after GC invocations=883 (full 875):
 garbage-first heap   total 86016K, used 24912K [0x00000000c0000000, 0x0000000100000000)
  region size 1024K, 0 young (0K), 0 survivors (0K)
 Metaspace       used 39916K, committed 40512K, reserved 1114112K
  class space    used 5025K, committed 5248K, reserved 1048576K
}
Event: 9079.778 GC heap before
{Heap before GC invocations=883 (full 875):
 garbage-first heap   total 86016K, used 24912K [0x00000000c0000000, 0x0000000100000000)
  region size 1024K, 1 young (1024K), 0 survivors (0K)
 Metaspace       used 39916K, committed 40512K, reserved 1114112K
  class space    used 5025K, committed 5248K, reserved 1048576K
}
Event: 9079.824 GC heap after
{Heap after GC invocations=884 (full 876):
 garbage-first heap   total 86016K, used 24912K [0x00000000c0000000, 0x0000000100000000)
  region size 1024K, 0 young (0K), 0 survivors (0K)
 Metaspace       used 39916K, committed 40512K, reserved 1114112K
  class space    used 5025K, committed 5248K, reserved 1048576K
}
Event: 9089.911 GC heap before
{Heap before GC invocations=884 (full 876):
 garbage-first heap   total 86016K, used 24912K [0x00000000c0000000, 0x0000000100000000)
  region size 1024K, 1 young (1024K), 0 survivors (0K)
 Metaspace       used 39916K, committed 40512K, reserved 1114112K
  class space    used 5025K, committed 5248K, reserved 1048576K
}

