# JRE version: OpenJDK Runtime Environment Temurin-17.0.12+7 (17.0.12+7) (build 17.0.12+7)
# Java VM: OpenJDK 64-Bit Server VM Temurin-17.0.12+7 (17.0.12+7, mixed mode, emulated-client, tiered, compressed oops, compressed class ptrs, g1 gc, windows-amd64)
GC Precious Log:
 CPUs: 8 total, 8 available
 Memory: 6808M
 Large Page Support: Disabled
 NUMA Support: Disabled
 Compressed Oops: Enabled (32-bit)
 Heap Region Size: 1M
 Heap Min Capacity: 8M
 Heap Initial Capacity: 108M
 Heap Max Capacity: 1G
 Pre-touch: Disabled
 Parallel Workers: 8
 Concurrent Workers: 2
 Concurrent Refinement Workers: 8
 Periodic GC: Disabled
Heap:
 garbage-first heap   total 75776K, used 28572K [0x00000000c0000000, 0x0000000100000000)
  region size 1024K, 1 young (1024K), 0 survivors (0K)
 Metaspace       used 40003K, committed 40448K, reserved 1114112K
  class space    used 5055K, committed 5248K, reserved 1048576K
GC Heap History (19 events):
Event: 1.371 GC heap before
{Heap before GC invocations=0 (full 0):
 garbage-first heap   total 110592K, used 28672K [0x00000000c0000000, 0x0000000100000000)
  region size 1024K, 23 young (23552K), 0 survivors (0K)
 Metaspace       used 7857K, committed 8000K, reserved 1114112K
  class space    used 839K, committed 896K, reserved 1048576K
}
Event: 1.385 GC heap after
{Heap after GC invocations=1 (full 0):
 garbage-first heap   total 110592K, used 15524K [0x00000000c0000000, 0x0000000100000000)
  region size 1024K, 3 young (3072K), 3 survivors (3072K)
 Metaspace       used 7857K, committed 8000K, reserved 1114112K
  class space    used 839K, committed 896K, reserved 1048576K
}
Event: 2.237 GC heap before
{Heap before GC invocations=1 (full 0):
 garbage-first heap   total 110592K, used 38052K [0x00000000c0000000, 0x0000000100000000)
  region size 1024K, 25 young (25600K), 3 survivors (3072K)
 Metaspace       used 13477K, committed 13696K, reserved 1114112K
  class space    used 1658K, committed 1792K, reserved 1048576K
}
Event: 2.247 GC heap after
{Heap after GC invocations=2 (full 0):
 garbage-first heap   total 110592K, used 17271K [0x00000000c0000000, 0x0000000100000000)
  region size 1024K, 2 young (2048K), 2 survivors (2048K)
 Metaspace       used 13477K, committed 13696K, reserved 1114112K
  class space    used 1658K, committed 1792K, reserved 1048576K
}
Event: 3.236 GC heap before
{Heap before GC invocations=2 (full 0):
 garbage-first heap   total 110592K, used 53111K [0x00000000c0000000, 0x0000000100000000)
  region size 1024K, 39 young (39936K), 2 survivors (2048K)
 Metaspace       used 21266K, committed 21504K, reserved 1114112K
  class space    used 2606K, committed 2752K, reserved 1048576K
}
Event: 3.248 GC heap after
{Heap after GC invocations=3 (full 0):
 garbage-first heap   total 110592K, used 20494K [0x00000000c0000000, 0x0000000100000000)
  region size 1024K, 5 young (5120K), 5 survivors (5120K)
 Metaspace       used 21266K, committed 21504K, reserved 1114112K
  class space    used 2606K, committed 2752K, reserved 1048576K
}
Event: 4.183 GC heap before
{Heap before GC invocations=4 (full 0):
 garbage-first heap   total 75776K, used 57358K [0x00000000c0000000, 0x0000000100000000)
  region size 1024K, 42 young (43008K), 5 survivors (5120K)
 Metaspace       used 27667K, committed 27904K, reserved 1114112K
  class space    used 3461K, committed 3584K, reserved 1048576K
}
Event: 4.200 GC heap after
{Heap after GC invocations=5 (full 0):
 garbage-first heap   total 75776K, used 23557K [0x00000000c0000000, 0x0000000100000000)
  region size 1024K, 4 young (4096K), 4 survivors (4096K)
 Metaspace       used 27667K, committed 27904K, reserved 1114112K
  class space    used 3461K, committed 3584K, reserved 1048576K
}
Event: 5.705 GC heap before
{Heap before GC invocations=5 (full 0):
 garbage-first heap   total 75776K, used 48133K [0x00000000c0000000, 0x0000000100000000)
  region size 1024K, 29 young (29696K), 4 survivors (4096K)
 Metaspace       used 31628K, committed 32000K, reserved 1114112K
  class space    used 4003K, committed 4160K, reserved 1048576K
}
Event: 5.717 GC heap after
{Heap after GC invocations=6 (full 0):
 garbage-first heap   total 75776K, used 25440K [0x00000000c0000000, 0x0000000100000000)
  region size 1024K, 2 young (2048K), 2 survivors (2048K)
 Metaspace       used 31628K, committed 32000K, reserved 1114112K
  class space    used 4003K, committed 4160K, reserved 1048576K
}
Event: 6.404 GC heap before
{Heap before GC invocations=6 (full 0):
 garbage-first heap   total 75776K, used 53088K [0x00000000c0000000, 0x0000000100000000)
  region size 1024K, 28 young (28672K), 2 survivors (2048K)
 Metaspace       used 35555K, committed 35904K, reserved 1114112K
  class space    used 4383K, committed 4544K, reserved 1048576K
}
Event: 6.416 GC heap after
{Heap after GC invocations=7 (full 0):
 garbage-first heap   total 75776K, used 28499K [0x00000000c0000000, 0x0000000100000000)
  region size 1024K, 4 young (4096K), 4 survivors (4096K)
 Metaspace       used 35555K, committed 35904K, reserved 1114112K
  class space    used 4383K, committed 4544K, reserved 1048576K
}
Event: 6.468 GC heap before
{Heap before GC invocations=7 (full 0):
 garbage-first heap   total 75776K, used 29523K [0x00000000c0000000, 0x0000000100000000)
  region size 1024K, 6 young (6144K), 4 survivors (4096K)
 Metaspace       used 35718K, committed 36096K, reserved 1114112K
  class space    used 4404K, committed 4608K, reserved 1048576K
}
Event: 6.475 GC heap after
{Heap after GC invocations=8 (full 0):
 garbage-first heap   total 75776K, used 29248K [0x00000000c0000000, 0x0000000100000000)
  region size 1024K, 1 young (1024K), 1 survivors (1024K)
 Metaspace       used 35718K, committed 36096K, reserved 1114112K
  class space    used 4404K, committed 4608K, reserved 1048576K
}
Event: 47.383 GC heap before
{Heap before GC invocations=9 (full 0):
 garbage-first heap   total 75776K, used 52800K [0x00000000c0000000, 0x0000000100000000)
  region size 1024K, 25 young (25600K), 1 survivors (1024K)
 Metaspace       used 40021K, committed 40448K, reserved 1114112K
  class space    used 5059K, committed 5248K, reserved 1048576K
}
Event: 47.462 GC heap after
{Heap after GC invocations=10 (full 1):
 garbage-first heap   total 75776K, used 28629K [0x00000000c0000000, 0x0000000100000000)
  region size 1024K, 0 young (0K), 0 survivors (0K)
 Metaspace       used 40021K, committed 40448K, reserved 1114112K
  class space    used 5059K, committed 5248K, reserved 1048576K
}
Event: 57.783 GC heap before
{Heap before GC invocations=10 (full 1):
 garbage-first heap   total 75776K, used 28629K [0x00000000c0000000, 0x0000000100000000)
  region size 1024K, 1 young (1024K), 0 survivors (0K)
 Metaspace       used 40021K, committed 40448K, reserved 1114112K
  class space    used 5059K, committed 5248K, reserved 1048576K
}
Event: 57.822 GC heap after
{Heap after GC invocations=11 (full 2):
 garbage-first heap   total 75776K, used 28572K [0x00000000c0000000, 0x0000000100000000)
  region size 1024K, 0 young (0K), 0 survivors (0K)
 Metaspace       used 40003K, committed 40448K, reserved 1114112K
  class space    used 5055K, committed 5248K, reserved 1048576K
}
Event: 68.272 GC heap before
{Heap before GC invocations=11 (full 2):
 garbage-first heap   total 75776K, used 28572K [0x00000000c0000000, 0x0000000100000000)
  region size 1024K, 1 young (1024K), 0 survivors (0K)
 Metaspace       used 40003K, committed 40448K, reserved 1114112K
  class space    used 5055K, committed 5248K, reserved 1048576K
}

